proguard-project.txt
# To enable ProGuard in your project, edit project.properties
# to define the proguard.config property as described in that file.
#
# Add project specific ProGuard rules here.
# By default, the flags in this file are appended to flags specified
# in ${sdk.dir}/tools/proguard/proguard-android.txt
# You can edit the include path and order by changing the ProGuard
# include property in project.properties.
#
# For more details, see
#   http://developer.android.com/guide/developing/tools/proguard.html

# Add any project specific keep options here:

# If your project uses WebView with JS, uncomment the following
# and specify the fully qualified class name to the JavaScript interface
# class:
#-keepclassmembers class fqcn.of.javascript.interface.for.webview {
#   public *;
#}


-injars  bin/classes
-injars  libs
-outjars bin/classes-processed.jar

-libraryjars D:/F/adt-bundle-windows-x86_64-20131030/sdk/platforms/android-16/android.jar

-printmapping bin/classes-processed.map

-dontpreverify



-repackageclasses ''
-allowaccessmodification


-renamesourcefileattribute SourceFile
-keepattributes SourceFile,LineNumberTable

-keepattributes *Annotation*

-keep public class * extends android.app.Activity
-keep public class * extends android.app.Application
-keep public class * extends android.app.Service
-keep public class * extends android.content.BroadcastReceiver
-keep public class * extends android.content.ContentProvider

-keep public class * extends android.view.View {
    public <init>(android.content.Context);
    public <init>(android.content.Context, android.util.AttributeSet);
    public <init>(android.content.Context, android.util.AttributeSet, int);
    public void set*(...);
}


-keepclasseswithmembers class * {
    public <init>(android.content.Context, android.util.AttributeSet);
}


-keepclasseswithmembers class * {
    public <init>(android.content.Context, android.util.AttributeSet, int);
}

-keepclassmembers class * implements android.os.Parcelable {
    static android.os.Parcelable$Creator CREATOR;
}

-keepclassmembers class **.R$* {
  public static <fields>;
}

-dontwarn android.support.**
-dontwarn org.codehaus.jackson.**
-dontwarn com.nostra13.**

-keepclasseswithmembernames class * {
    native <methods>;
}


-keepclassmembers class * extends java.lang.Enum {
    public static **[] values();
    public static ** valueOf(java.lang.String);
}

-keepclassmembers class * implements java.io.Serializable {
    static final long serialVersionUID;
    static final java.io.ObjectStreamField[] serialPersistentFields;
    private void writeObject(java.io.ObjectOutputStream);
    private void readObject(java.io.ObjectInputStream);
    java.lang.Object writeReplace();
    java.lang.Object readResolve();
}