proguard/seeds.txt
com.mobilevue.vod.AuthenticationAcitivity
com.mobilevue.vod.AuthenticationAcitivity: AuthenticationAcitivity()
com.mobilevue.vod.ChannelsActivity
com.mobilevue.vod.ChannelsActivity: ChannelsActivity()
com.mobilevue.vod.IPTVActivity
com.mobilevue.vod.IPTVActivity: IPTVActivity()
com.mobilevue.vod.MainActivity
com.mobilevue.vod.MainActivity: MainActivity()
com.mobilevue.vod.MyApplication
com.mobilevue.vod.MyApplication: MyApplication()
com.mobilevue.vod.NetworkCheckActivity
com.mobilevue.vod.NetworkCheckActivity: NetworkCheckActivity()
com.mobilevue.vod.PlanActivity
com.mobilevue.vod.PlanActivity: PlanActivity()
com.mobilevue.vod.PlanActivity: void btnSubmit_onClick(android.view.View)
com.mobilevue.vod.PlanActivity: void btnCancel_onClick(android.view.View)
com.mobilevue.vod.R$anim: int zoom_selection
com.mobilevue.vod.R$array: int arrLangauges
com.mobilevue.vod.R$array: int arrMenu
com.mobilevue.vod.R$array: int arrMenuImageNames
com.mobilevue.vod.R$array: int arrMovCategNames
com.mobilevue.vod.R$array: int arrMovCategValues
com.mobilevue.vod.R$color: int dark_pink
com.mobilevue.vod.R$color: int form_header
com.mobilevue.vod.R$color: int orange
com.mobilevue.vod.R$color: int pink
com.mobilevue.vod.R$color: int white
com.mobilevue.vod.R$dimen: int activity_horizontal_margin
com.mobilevue.vod.R$drawable: int apptheme_activated_background_holo_light
com.mobilevue.vod.R$drawable: int apptheme_btn_radio_holo_light
com.mobilevue.vod.R$drawable: int apptheme_btn_radio_off_disabled_focused_holo_light
com.mobilevue.vod.R$drawable: int apptheme_btn_radio_off_disabled_holo_light
com.mobilevue.vod.R$drawable: int apptheme_btn_radio_off_focused_holo_light
com.mobilevue.vod.R$drawable: int apptheme_btn_radio_off_holo_light
com.mobilevue.vod.R$drawable: int apptheme_btn_radio_off_pressed_holo_light
com.mobilevue.vod.R$drawable: int apptheme_btn_radio_on_disabled_focused_holo_light
com.mobilevue.vod.R$drawable: int apptheme_btn_radio_on_disabled_holo_light
com.mobilevue.vod.R$drawable: int apptheme_btn_radio_on_focused_holo_light
com.mobilevue.vod.R$drawable: int apptheme_btn_radio_on_holo_light
com.mobilevue.vod.R$drawable: int apptheme_btn_radio_on_pressed_holo_light
com.mobilevue.vod.R$drawable: int apptheme_item_background_holo_light
com.mobilevue.vod.R$drawable: int apptheme_list_activated_holo
com.mobilevue.vod.R$drawable: int apptheme_list_focused_holo
com.mobilevue.vod.R$drawable: int apptheme_list_longpressed_holo
com.mobilevue.vod.R$drawable: int apptheme_list_pressed_holo_light
com.mobilevue.vod.R$drawable: int apptheme_list_selector_background_transition_holo_light
com.mobilevue.vod.R$drawable: int apptheme_list_selector_disabled_holo_light
com.mobilevue.vod.R$drawable: int apptheme_list_selector_holo_light
...
com.mobilevue.utils.SquareImageView
com.mobilevue.utils.SquareImageView: SquareImageView(android.content.Context)
com.mobilevue.utils.SquareImageView: SquareImageView(android.content.Context,android.util.AttributeSet)
com.mobilevue.utils.SquareImageView: SquareImageView(android.content.Context,android.util.AttributeSet,int)
com.nostra13.universalimageloader.core.assist.FailReason$FailType: com.nostra13.universalimageloader.core.assist.FailReason$FailType[] values()
com.nostra13.universalimageloader.core.assist.FailReason$FailType: com.nostra13.universalimageloader.core.assist.FailReason$FailType valueOf(java.lang.String)
com.nostra13.universalimageloader.core.assist.ImageScaleType: com.nostra13.universalimageloader.core.assist.ImageScaleType[] values()
com.nostra13.universalimageloader.core.assist.ImageScaleType: com.nostra13.universalimageloader.core.assist.ImageScaleType valueOf(java.lang.String)
com.nostra13.universalimageloader.core.assist.LoadedFrom: com.nostra13.universalimageloader.core.assist.LoadedFrom[] values()
com.nostra13.universalimageloader.core.assist.LoadedFrom: com.nostra13.universalimageloader.core.assist.LoadedFrom valueOf(java.lang.String)
com.nostra13.universalimageloader.core.assist.QueueProcessingType: com.nostra13.universalimageloader.core.assist.QueueProcessingType[] values()
com.nostra13.universalimageloader.core.assist.QueueProcessingType: com.nostra13.universalimageloader.core.assist.QueueProcessingType valueOf(java.lang.String)
com.nostra13.universalimageloader.core.assist.ViewScaleType: com.nostra13.universalimageloader.core.assist.ViewScaleType[] values()
com.nostra13.universalimageloader.core.assist.ViewScaleType: com.nostra13.universalimageloader.core.assist.ViewScaleType valueOf(java.lang.String)
com.nostra13.universalimageloader.core.assist.deque.LIFOLinkedBlockingDeque: long serialVersionUID
com.nostra13.universalimageloader.core.assist.deque.LinkedBlockingDeque: long serialVersionUID
com.nostra13.universalimageloader.core.assist.deque.LinkedBlockingDeque: void writeObject(java.io.ObjectOutputStream)
com.nostra13.universalimageloader.core.assist.deque.LinkedBlockingDeque: void readObject(java.io.ObjectInputStream)
com.nostra13.universalimageloader.core.download.ImageDownloader$Scheme: com.nostra13.universalimageloader.core.download.ImageDownloader$Scheme[] values()
com.nostra13.universalimageloader.core.download.ImageDownloader$Scheme: com.nostra13.universalimageloader.core.download.ImageDownloader$Scheme valueOf(java.lang.String)
org.acra.ACRAConfigurationException: long serialVersionUID
org.acra.CrashReportDialog
org.acra.ReportField: org.acra.ReportField[] values()
org.acra.ReportField: org.acra.ReportField valueOf(java.lang.String)
org.acra.ReportingInteractionMode: org.acra.ReportingInteractionMode[] values()
org.acra.ReportingInteractionMode: org.acra.ReportingInteractionMode valueOf(java.lang.String)
org.acra.collector.CrashReportData: long serialVersionUID
org.acra.collector.MediaCodecListCollector$CodecType: org.acra.collector.MediaCodecListCollector$CodecType[] values()
org.acra.collector.MediaCodecListCollector$CodecType: org.acra.collector.MediaCodecListCollector$CodecType valueOf(java.lang.String)
org.acra.sender.HttpSender$Method: org.acra.sender.HttpSender$Method[] values()
org.acra.sender.HttpSender$Method: org.acra.sender.HttpSender$Method valueOf(java.lang.String)
org.acra.sender.HttpSender$Type: org.acra.sender.HttpSender$Type[] values()
org.acra.sender.HttpSender$Type: org.acra.sender.HttpSender$Type valueOf(java.lang.String)
org.acra.util.JSONReportBuilder$JSONReportException: long serialVersionUID
org.codehaus.jackson.JsonEncoding: org.codehaus.jackson.JsonEncoding[] values()
org.codehaus.jackson.JsonEncoding: org.codehaus.jackson.JsonEncoding valueOf(java.lang.String)
org.codehaus.jackson.JsonGenerationException: long serialVersionUID