proguard/mapping.txt
com.mobilevue.vod.AuthenticationAcitivity -> com.mobilevue.vod.AuthenticationAcitivity:
    java.lang.String TAG -> a
    android.content.SharedPreferences mPrefs -> e
    android.content.SharedPreferences$Editor mPrefsEditor -> f
    android.widget.ProgressBar mProgressBar -> g
    com.mobilevue.vod.AuthenticationAcitivity$ValidateDeviceAsyncTask mValidateDeviceTask -> b
    int clientId -> c
    boolean D -> d
    49:56:void onCreate(android.os.Bundle) -> onCreate
    60:61:boolean onCreateOptionsMenu(android.view.Menu) -> onCreateOptionsMenu
    66:73:boolean onOptionsItemSelected(android.view.MenuItem) -> onOptionsItemSelected
    77:79:void validateDevice() -> a
    205:220:java.util.List readJsonUser(java.lang.String) -> a
    225:228:boolean onKeyDown(int,android.view.KeyEvent) -> onKeyDown
    41:41:android.widget.ProgressBar access$0(com.mobilevue.vod.AuthenticationAcitivity) -> a
    39:39:void access$1(com.mobilevue.vod.AuthenticationAcitivity,android.content.SharedPreferences) -> a
    39:39:android.content.SharedPreferences access$2(com.mobilevue.vod.AuthenticationAcitivity) -> b
    40:40:void access$3(com.mobilevue.vod.AuthenticationAcitivity,android.content.SharedPreferences$Editor) -> a
    40:40:android.content.SharedPreferences$Editor access$4(com.mobilevue.vod.AuthenticationAcitivity) -> c
    204:204:java.util.List access$5(com.mobilevue.vod.AuthenticationAcitivity,java.lang.String) -> a
com.mobilevue.vod.AuthenticationAcitivity$1 -> il:
    com.mobilevue.vod.AuthenticationAcitivity this$0 -> a
com.mobilevue.vod.AuthenticationAcitivity$ValidateDeviceAsyncTask -> im:
    com.mobilevue.vod.AuthenticationAcitivity this$0 -> a
    85:92:void onPreExecute() -> onPreExecute
    96:149:com.mobilevue.data.ResponseObj doInBackground(java.lang.Void[]) -> a
    156:201:void onPostExecute(com.mobilevue.data.ResponseObj) -> a
    1:1:void onPostExecute(java.lang.Object) -> onPostExecute
    1:1:java.lang.Object doInBackground(java.lang.Object[]) -> doInBackground
    81:81:com.mobilevue.vod.AuthenticationAcitivity access$3(com.mobilevue.vod.AuthenticationAcitivity$ValidateDeviceAsyncTask) -> a
com.mobilevue.vod.AuthenticationAcitivity$ValidateDeviceAsyncTask$1 -> in:
    com.mobilevue.vod.AuthenticationAcitivity$ValidateDeviceAsyncTask this$1 -> a
    194:195:void onClick(android.content.DialogInterface,int) -> onClick
com.mobilevue.vod.CategoryFragment -> io:
    android.app.ProgressDialog mProgressDialog -> Q
    com.mobilevue.vod.CategoryFragment$SearchDetails searchDtls -> R
    android.content.SharedPreferences mPrefs -> S
    boolean D -> P
    47:55:android.view.View onCreateView(android.view.LayoutInflater,android.view.ViewGroup,android.os.Bundle) -> a
    59:66:void getDetails(com.mobilevue.vod.CategoryFragment$SearchDetails) -> a
    38:38:android.app.ProgressDialog access$0(com.mobilevue.vod.CategoryFragment) -> a
    38:38:void access$1(com.mobilevue.vod.CategoryFragment,android.app.ProgressDialog) -> a
    39:39:com.mobilevue.vod.CategoryFragment$SearchDetails access$2(com.mobilevue.vod.CategoryFragment) -> b
com.mobilevue.vod.CategoryFragment$GetDetailsAsynTask -> ip:
    com.mobilevue.vod.CategoryFragment$SearchDetails searchDetails -> a
    com.mobilevue.vod.CategoryFragment this$0 -> b
    74:94:void onPreExecute() -> onPreExecute
    98:117:com.mobilevue.data.ResponseObj doInBackground(com.mobilevue.vod.CategoryFragment$SearchDetails[]) -> a
    122:139:void onPostExecute(com.mobilevue.data.ResponseObj) -> a
    142:185:void updateDetails(java.lang.String,android.view.View) -> a
    1:1:void onPostExecute(java.lang.Object) -> onPostExecute
    1:1:java.lang.Object doInBackground(java.lang.Object[]) -> doInBackground
    68:68:com.mobilevue.vod.CategoryFragment access$3(com.mobilevue.vod.CategoryFragment$GetDetailsAsynTask) -> a
...
org.codehaus.jackson.impl.JsonParserMinimalBase$1 -> sp:
    int[] $SwitchMap$org$codehaus$jackson$JsonToken -> a
org.codehaus.jackson.impl.JsonReadContext -> sq:
    org.codehaus.jackson.impl.JsonReadContext _parent -> c
    int _lineNr -> d
    int _columnNr -> e
    java.lang.String _currentName -> f
    org.codehaus.jackson.impl.JsonReadContext _child -> g
    54:59:void reset(int,int,int) -> a
    65:65:org.codehaus.jackson.impl.JsonReadContext createRootContext(int,int) -> a
    73:73:org.codehaus.jackson.impl.JsonReadContext createRootContext() -> f
    78:84:org.codehaus.jackson.impl.JsonReadContext createChildArrayContext(int,int) -> b
    89:95:org.codehaus.jackson.impl.JsonReadContext createChildObjectContext(int,int) -> c
    105:105:java.lang.String getCurrentName() -> g
    108:108:org.codehaus.jackson.impl.JsonReadContext getParent() -> h
    125:127:org.codehaus.jackson.JsonLocation getStartLocation(java.lang.Object) -> a
    142:143:boolean expectComma() -> i
    148:149:void setCurrentName(java.lang.String) -> a
    164:186:java.lang.String toString() -> toString
org.codehaus.jackson.impl.JsonWriteContext -> sr:
    org.codehaus.jackson.impl.JsonWriteContext _parent -> c
    java.lang.String _currentName -> d
    org.codehaus.jackson.impl.JsonWriteContext _child -> e
    58:58:org.codehaus.jackson.impl.JsonWriteContext createRootContext() -> f
    62:65:org.codehaus.jackson.impl.JsonWriteContext reset(int) -> a
    70:75:org.codehaus.jackson.impl.JsonWriteContext createChildArrayContext() -> g
    80:85:org.codehaus.jackson.impl.JsonWriteContext createChildObjectContext() -> h
    91:91:org.codehaus.jackson.impl.JsonWriteContext getParent() -> i
    105:112:int writeFieldName(java.lang.String) -> a
    144:163:void appendDesc(java.lang.StringBuilder) -> a
    174:176:java.lang.String toString() -> toString
org.codehaus.jackson.impl.ReaderBasedParser -> ss:
    java.io.Reader _reader -> I
    char[] _inputBuffer -> J
    org.codehaus.jackson.ObjectCodec _objectCodec -> K
    org.codehaus.jackson.sym.CharsToNameCanonicalizer _symbols -> L
    boolean _tokenIncomplete -> M
    84:84:org.codehaus.jackson.ObjectCodec getCodec() -> a
    113:130:boolean loadMore() -> E
    136:141:char getNextChar(java.lang.String) -> e
    154:160:void _closeInput() -> F
    172:178:void _releaseBuffers() -> G
    196:204:java.lang.String getText() -> k
    209:222:java.lang.String _getText2(org.codehaus.jackson.JsonToken) -> a
    229:260:char[] getTextCharacters() -> l
    267:286:int getTextLength() -> m
    293:308:int getTextOffset() -> n
    315:339:byte[] getBinaryValue(org.codehaus.jackson.Base64Variant) -> a
    356:494:org.codehaus.jackson.JsonToken nextToken() -> b
    499:508:org.codehaus.jackson.JsonToken _nextAfterName() -> ac
    628:630:void close() -> close
    662:767:org.codehaus.jackson.JsonToken parseNumberText(int) -> d
    780:894:org.codehaus.jackson.JsonToken parseNumberText2(boolean) -> a
    905:930:char _verifyNoLeadingZeroes() -> ad
    940:964:org.codehaus.jackson.JsonToken _handleInvalidNumberStart(int,boolean) -> a
    976:1008:java.lang.String _parseFieldName(int) -> e
    1014:1063:java.lang.String _parseFieldName2(int,int,int) -> a
    1079:1124:java.lang.String _handleUnusualFieldName(int) -> f
    1131:1157:java.lang.String _parseApostropheFieldName() -> V
org.codehaus.jackson.impl.ReaderBasedParser$1 -> st:
    int[] $SwitchMap$org$codehaus$jackson$JsonToken -> a