proguard/usage.txt
com.mobilevue.vod.AuthenticationAcitivity:
    private static final java.lang.String NETWORK_ERROR
    public static final java.lang.String PREFS_FILE
    android.widget.Button button
com.mobilevue.vod.BuildConfig
com.mobilevue.vod.CategoryFragment:
    private static final java.lang.String TAG
    public static final java.lang.String PREFS_FILE
    private static final java.lang.String NETWORK_ERROR
com.mobilevue.vod.ChannelsActivity:
    private static final java.lang.String NETWORK_ERROR
    public static final java.lang.String CHANNEL_EPG
    public static final java.lang.String PREFS_FILE
    public static final java.lang.String IPTV_CHANNELS_DETAILS
com.mobilevue.vod.EpgFragment:
    private static final java.lang.String TAG
    public static final java.lang.String PREFS_FILE
    private static final java.lang.String NETWORK_ERROR
    public static final java.lang.String IS_REFRESH
    public static final java.lang.String ARG_SECTION_DATE
com.mobilevue.vod.IPTVActivity:
    private static final java.lang.String NETWORK_ERROR
    public static final java.lang.String CHANNEL_NAME
    public static final java.lang.String CHANNEL_URL
    public static final java.lang.String PREFS_FILE
    public static final java.lang.String IPTV_CHANNELS_DETAILS
com.mobilevue.vod.MainActivity:
    public static final java.lang.String PREFS_FILE
    private static final java.lang.String TAG
    com.mobilevue.utils.MyFragmentPagerAdapter mAdapter
com.mobilevue.vod.PlanActivity:
    private static final java.lang.String NETWORK_ERROR
com.mobilevue.vod.R
com.mobilevue.vod.R$anim
com.mobilevue.vod.R$array
com.mobilevue.vod.R$attr
com.mobilevue.vod.R$color
com.mobilevue.vod.R$dimen
com.mobilevue.vod.R$drawable
com.mobilevue.vod.R$id
com.mobilevue.vod.R$layout
com.mobilevue.vod.R$menu
com.mobilevue.vod.R$string
com.mobilevue.vod.R$style
com.mobilevue.vod.RegisterActivity:
    private static final java.lang.String NETWORK_ERROR
    public static final java.lang.String PREFS_FILE
    private static final java.lang.String CREATE_CLIENT
    private static final java.lang.String GET_COUNTRIES
com.mobilevue.vod.VideoControllerView:
    private static final java.lang.String TAG
    private static final int FADE_OUT
    private static final int SHOW_PROGRESS
    424:424:public boolean isShowing()
com.mobilevue.vod.VideoControllerView$MediaPlayerControl:
    public abstract boolean isFullScreen()
com.mobilevue.vod.VideoPlayerActivity:
    288:288:public boolean isFullScreen()
com.mobilevue.vod.VodActivity:
    private static final java.lang.String TAG
    private static final java.lang.String PREFS_FILE
    private static final java.lang.String NETWORK_ERROR
    private static final java.lang.String CATEGORY
    244:244:protected boolean isAlwaysExpanded()
com.mobilevue.vod.VodMovieDetailsActivity:
    private static final java.lang.String NETWORK_ERROR
    private static final java.lang.String GET_MOVIE_DETAILS
    private static final java.lang.String BOOK_ORDER
    private static final java.lang.String INVALID_REQUEST
    android.view.SurfaceView videoSurface
    android.media.MediaPlayer player
    com.mobilevue.vod.VideoControllerView controller
...
org.codehaus.jackson.node.ContainerNode$NoStringsIterator
org.codehaus.jackson.node.DecimalNode:
    35:35:public org.codehaus.jackson.JsonToken asToken()
    38:38:public org.codehaus.jackson.JsonParser$NumberType getNumberType()
    47:47:public boolean isFloatingPointNumber()
    50:50:public boolean isBigDecimal()
    53:53:public java.lang.Number getNumberValue()
    56:56:public int getIntValue()
    59:59:public long getLongValue()
    63:63:public java.math.BigInteger getBigIntegerValue()
    66:66:public double getDoubleValue()
    69:69:public java.math.BigDecimal getDecimalValue()
    80:81:public final void serialize(org.codehaus.jackson.JsonGenerator,org.codehaus.jackson.map.SerializerProvider)
org.codehaus.jackson.node.DoubleNode:
    36:36:public org.codehaus.jackson.JsonToken asToken()
    39:39:public org.codehaus.jackson.JsonParser$NumberType getNumberType()
    48:48:public boolean isFloatingPointNumber()
    51:51:public boolean isDouble()
    55:55:public java.lang.Number getNumberValue()
    59:59:public int getIntValue()
    62:62:public long getLongValue()
    65:65:public double getDoubleValue()
    68:68:public java.math.BigDecimal getDecimalValue()
    72:72:public java.math.BigInteger getBigIntegerValue()
    84:85:public final void serialize(org.codehaus.jackson.JsonGenerator,org.codehaus.jackson.map.SerializerProvider)
org.codehaus.jackson.node.IntNode:
    static final int MIN_CANONICAL
    static final int MAX_CANONICAL
    55:55:public org.codehaus.jackson.JsonToken asToken()
    58:58:public org.codehaus.jackson.JsonParser$NumberType getNumberType()
    67:67:public boolean isIntegralNumber()
    70:70:public boolean isInt()
    74:74:public java.lang.Number getNumberValue()
    78:78:public int getIntValue()
    81:81:public long getLongValue()
    84:84:public double getDoubleValue()
    87:87:public java.math.BigDecimal getDecimalValue()
    90:90:public java.math.BigInteger getBigIntegerValue()
    99:99:public boolean asBoolean(boolean)
    106:107:public final void serialize(org.codehaus.jackson.JsonGenerator,org.codehaus.jackson.map.SerializerProvider)
org.codehaus.jackson.node.JsonNodeFactory:
    54:54:public org.codehaus.jackson.node.NumericNode numberNode(byte)
    65:65:public org.codehaus.jackson.node.ValueNode numberNode(java.lang.Byte)
    72:72:public org.codehaus.jackson.node.NumericNode numberNode(short)
    83:83:public org.codehaus.jackson.node.ValueNode numberNode(java.lang.Short)
    101:101:public org.codehaus.jackson.node.ValueNode numberNode(java.lang.Integer)
    119:119:public org.codehaus.jackson.node.ValueNode numberNode(java.lang.Long)
    132:132:public org.codehaus.jackson.node.NumericNode numberNode(float)
    143:143:public org.codehaus.jackson.node.ValueNode numberNode(java.lang.Float)
    161:161:public org.codehaus.jackson.node.ValueNode numberNode(java.lang.Double)
    187:187:public org.codehaus.jackson.node.BinaryNode binaryNode(byte[])
    195:195:public org.codehaus.jackson.node.BinaryNode binaryNode(byte[],int,int)
org.codehaus.jackson.node.LongNode:
    35:35:public org.codehaus.jackson.JsonToken asToken()
    38:38:public org.codehaus.jackson.JsonParser$NumberType getNumberType()
    42:42:public boolean isIntegralNumber()
    45:45:public boolean isLong()
    49:49:public java.lang.Number getNumberValue()
    53:53:public int getIntValue()
    56:56:public long getLongValue()
    59:59:public double getDoubleValue()
    62:62:public java.math.BigDecimal getDecimalValue()
    65:65:public java.math.BigInteger getBigIntegerValue()
    74:74:public boolean asBoolean(boolean)
    81:82:public final void serialize(org.codehaus.jackson.JsonGenerator,org.codehaus.jackson.map.SerializerProvider)
org.codehaus.jackson.node.MissingNode
org.codehaus.jackson.node.NodeCursor
org.codehaus.jackson.node.NodeCursor$Array
org.codehaus.jackson.node.NodeCursor$Object
org.codehaus.jackson.node.NodeCursor$RootValue